#
# There is insufficient memory for the Java Runtime Environment to continue.
# Native memory allocation (malloc) failed to allocate 1080256 bytes for Chunk::new
# Possible reasons:
#   The system is out of physical RAM or swap space
#   The process is running with CompressedOops enabled, and the Java Heap may be blocking the growth of the native heap
# Possible solutions:
#   Reduce memory load on the system
#   Increase physical memory or swap space
#   Check if swap backing store is full
#   Decrease Java heap size (-Xmx/-Xms)
#   Decrease number of Java threads
#   Decrease Java thread stack sizes (-Xss)
#   Set larger code cache with -XX:ReservedCodeCacheSize=
#   JVM is running with Unscaled Compressed Oops mode in which the Java heap is
#     placed in the first 4GB address space. The Java Heap base address is the
#     maximum limit for the native heap growth. Please use -XX:HeapBaseMinAddress
#     to set the Java Heap base and to place the Java Heap above 4GB virtual address.
# This output file may be truncated or incomplete.
#
#  Out of Memory Error (arena.cpp:195), pid=1060, tid=22748
#
# JRE version: OpenJDK Runtime Environment (16.0.2+7) (build 16.0.2+7-67)
# Java VM: OpenJDK 64-Bit Server VM (16.0.2+7-67, mixed mode, tiered, compressed oops, compressed class ptrs, g1 gc, windows-amd64)
# No core dump will be written. Minidumps are not enabled by default on client versions of Windows
#

---------------  S U M M A R Y ------------

Command Line: -Dfile.encoding=UTF-8 -XX:+ShowCodeDetailsInExceptionMessages com.exam.ExamDoorWayApplication

Host: Intel(R) Core(TM) i5-1035G1 CPU @ 1.00GHz, 8 cores, 3G,  Windows 10 , 64 bit Build 19041 (10.0.19041.1348)
Time: Tue Nov 23 01:00:04 2021 India Standard Time elapsed time: 11426.658112 seconds (0d 3h 10m 26s)

---------------  T H R E A D  ---------------

Current thread (0x0000024298c9c680):  JavaThread "C2 CompilerThread0" daemon [_thread_in_native, id=22748, stack(0x0000007012a00000,0x0000007012b00000)]


Current CompileTask:
C2:11426663 16383       4       sun.security.ec.XECOperations::pointMultiply (383 bytes)

Stack: [0x0000007012a00000,0x0000007012b00000]
Native frames: (J=compiled Java code, j=interpreted, Vv=VM code, C=native code)
V  [jvm.dll+0x6681ca]
V  [jvm.dll+0x7c9e69]
V  [jvm.dll+0x7cb61e]
V  [jvm.dll+0x7cbc73]
V  [jvm.dll+0x242c55]
V  [jvm.dll+0xadeba]
V  [jvm.dll+0xae45c]
V  [jvm.dll+0x2a4cdf]
V  [jvm.dll+0x573c29]
V  [jvm.dll+0x21e48e]
V  [jvm.dll+0x21798d]
V  [jvm.dll+0x214ffc]
V  [jvm.dll+0x1a1beb]
V  [jvm.dll+0x225158]
V  [jvm.dll+0x22319c]
V  [jvm.dll+0x77fa62]
V  [jvm.dll+0x7795aa]
V  [jvm.dll+0x667066]
C  [ucrtbase.dll+0x21bb2]
C  [KERNEL32.DLL+0x17034]
C  [ntdll.dll+0x52651]


---------------  P R O C E S S  ---------------

Threads class SMR info:
_java_thread_list=0x00000242a11314b0, length=33, elements={
0x0000024298c62010, 0x0000024298c63540, 0x0000024298c4f7a0, 0x0000024298c501b0,
0x0000024298c8f810, 0x0000024298c98540, 0x0000024298c9c680, 0x0000024298c9cfd0,
0x0000024298ca8120, 0x000002429994fae0, 0x0000024299950ad0, 0x0000024299951020,
0x000002429f2229a0, 0x000002429f2219b0, 0x000002429f220f10, 0x000002429f21ff20,
0x000002429f225ec0, 0x000002429f223ee0, 0x000002429f226eb0, 0x000002429f220470,
0x000002429f224980, 0x000002429f221f00, 0x000002429f2209c0, 0x000002429f227400,
0x000002429f224430, 0x000002429f223440, 0x000002429f223990, 0x000002429f224ed0,
0x000002429f21f9d0, 0x000002429f225420, 0x000002429f225970, 0x0000024299952010,
0x000002429994eaf0
}

Java Threads: ( => current thread )
  0x0000024298c62010 JavaThread "Reference Handler" daemon [_thread_blocked, id=16940, stack(0x0000007012400000,0x0000007012500000)]
  0x0000024298c63540 JavaThread "Finalizer" daemon [_thread_blocked, id=12964, stack(0x0000007012500000,0x0000007012600000)]
  0x0000024298c4f7a0 JavaThread "Signal Dispatcher" daemon [_thread_blocked, id=17472, stack(0x0000007012600000,0x0000007012700000)]
  0x0000024298c501b0 JavaThread "Attach Listener" daemon [_thread_blocked, id=740, stack(0x0000007012700000,0x0000007012800000)]
  0x0000024298c8f810 JavaThread "Service Thread" daemon [_thread_blocked, id=20548, stack(0x0000007012800000,0x0000007012900000)]
  0x0000024298c98540 JavaThread "Monitor Deflation Thread" daemon [_thread_blocked, id=17540, stack(0x0000007012900000,0x0000007012a00000)]
=>0x0000024298c9c680 JavaThread "C2 CompilerThread0" daemon [_thread_in_native, id=22748, stack(0x0000007012a00000,0x0000007012b00000)]
  0x0000024298c9cfd0 JavaThread "C1 CompilerThread0" daemon [_thread_blocked, id=12072, stack(0x0000007012b00000,0x0000007012c00000)]
  0x0000024298ca8120 JavaThread "Sweeper thread" daemon [_thread_blocked, id=8156, stack(0x0000007012c00000,0x0000007012d00000)]
  0x000002429994fae0 JavaThread "Notification Thread" daemon [_thread_blocked, id=18684, stack(0x0000007012d00000,0x0000007012e00000)]
  0x0000024299950ad0 JavaThread "Common-Cleaner" daemon [_thread_blocked, id=17872, stack(0x0000007012f00000,0x0000007013000000)]
  0x0000024299951020 JavaThread "mysql-cj-abandoned-connection-cleanup" daemon [_thread_blocked, id=9068, stack(0x0000007013900000,0x0000007013a00000)]
  0x000002429f2229a0 JavaThread "Live Reload Server" daemon [_thread_in_native, id=22836, stack(0x0000007014300000,0x0000007014400000)]
  0x000002429f2219b0 JavaThread "DestroyJavaVM" [_thread_blocked, id=15340, stack(0x0000007011d00000,0x0000007011e00000)]
  0x000002429f220f10 JavaThread "HikariPool-7 housekeeper" daemon [_thread_blocked, id=14576, stack(0x0000007011b00000,0x0000007011c00000)]
  0x000002429f21ff20 JavaThread "Catalina-utility-1" [_thread_blocked, id=8208, stack(0x0000007013500000,0x0000007013600000)]
  0x000002429f225ec0 JavaThread "Catalina-utility-2" [_thread_blocked, id=13960, stack(0x0000007013600000,0x0000007013700000)]
  0x000002429f223ee0 JavaThread "container-0" [_thread_blocked, id=21776, stack(0x0000007013b00000,0x0000007013c00000)]
  0x000002429f226eb0 JavaThread "File Watcher" daemon [_thread_blocked, id=22132, stack(0x0000007013c00000,0x0000007013d00000)]
  0x000002429f220470 JavaThread "http-nio-8080-Poller" daemon [_thread_in_native, id=7580, stack(0x0000007013d00000,0x0000007013e00000)]
  0x000002429f224980 JavaThread "http-nio-8080-Acceptor" daemon [_thread_in_native, id=9904, stack(0x0000007013f00000,0x0000007014000000)]
  0x000002429f221f00 JavaThread "http-nio-8080-exec-1" daemon [_thread_blocked, id=8236, stack(0x0000007011a00000,0x0000007011b00000)]
  0x000002429f2209c0 JavaThread "http-nio-8080-exec-2" daemon [_thread_blocked, id=796, stack(0x0000007011c00000,0x0000007011d00000)]
  0x000002429f227400 JavaThread "http-nio-8080-exec-3" daemon [_thread_blocked, id=19280, stack(0x0000007014000000,0x0000007014100000)]
  0x000002429f224430 JavaThread "http-nio-8080-exec-4" daemon [_thread_blocked, id=20388, stack(0x0000007014100000,0x0000007014200000)]
  0x000002429f223440 JavaThread "http-nio-8080-exec-5" daemon [_thread_blocked, id=15052, stack(0x0000007014200000,0x0000007014300000)]
  0x000002429f223990 JavaThread "http-nio-8080-exec-6" daemon [_thread_blocked, id=9368, stack(0x0000007013e00000,0x0000007013f00000)]
  0x000002429f224ed0 JavaThread "http-nio-8080-exec-7" daemon [_thread_blocked, id=23488, stack(0x0000007014400000,0x0000007014500000)]
  0x000002429f21f9d0 JavaThread "http-nio-8080-exec-8" daemon [_thread_blocked, id=13152, stack(0x0000007014500000,0x0000007014600000)]
  0x000002429f225420 JavaThread "http-nio-8080-exec-9" daemon [_thread_blocked, id=13888, stack(0x0000007014600000,0x0000007014700000)]
  0x000002429f225970 JavaThread "http-nio-8080-exec-10" daemon [_thread_blocked, id=2920, stack(0x0000007014700000,0x0000007014800000)]
  0x0000024299952010 JavaThread "HikariPool-7 connection closer" daemon [_thread_blocked, id=2580, stack(0x0000007014800000,0x0000007014900000)]
  0x000002429994eaf0 JavaThread "HikariPool-7 connection adder" daemon [_thread_blocked, id=19268, stack(0x0000007014900000,0x0000007014a00000)]

Other Threads:
  0x0000024298c44280 VMThread "VM Thread" [stack: 0x0000007012300000,0x0000007012400000] [id=12148]
  0x0000024299952ab0 WatcherThread [stack: 0x0000007012e00000,0x0000007012f00000] [id=1504]
  0x00000242ff975610 GCTaskThread "GC Thread#0" [stack: 0x0000007011e00000,0x0000007011f00000] [id=16432]
  0x000002429ac37d60 GCTaskThread "GC Thread#1" [stack: 0x0000007013000000,0x0000007013100000] [id=17104]
  0x000002429a3a42b0 GCTaskThread "GC Thread#2" [stack: 0x0000007013100000,0x0000007013200000] [id=20384]
  0x000002429a3eb0e0 GCTaskThread "GC Thread#3" [stack: 0x0000007013200000,0x0000007013300000] [id=7872]
  0x000002429a3eb3f0 GCTaskThread "GC Thread#4" [stack: 0x0000007013300000,0x0000007013400000] [id=20424]
  0x000002429a102520 GCTaskThread "GC Thread#5" [stack: 0x0000007013400000,0x0000007013500000] [id=23244]
  0x000002429adc9c00 GCTaskThread "GC Thread#6" [stack: 0x0000007013700000,0x0000007013800000] [id=7992]
  0x000002429ac56560 GCTaskThread "GC Thread#7" [stack: 0x0000007013800000,0x0000007013900000] [id=17184]
  0x00000242ff98d900 ConcurrentGCThread "G1 Main Marker" [stack: 0x0000007011f00000,0x0000007012000000] [id=21012]
  0x00000242ff98e300 ConcurrentGCThread "G1 Conc#0" [stack: 0x0000007012000000,0x0000007012100000] [id=20636]
  0x000002429ae944a0 ConcurrentGCThread "G1 Conc#1" [stack: 0x0000007013a00000,0x0000007013b00000] [id=14240]
  0x00000242ff9e1260 ConcurrentGCThread "G1 Refine#0" [stack: 0x0000007012100000,0x0000007012200000] [id=18392]
  0x00000242ff9e3c10 ConcurrentGCThread "G1 Service" [stack: 0x0000007012200000,0x0000007012300000] [id=2560]

Threads with active compile tasks:
C2 CompilerThread0  11426870 16383       4       sun.security.ec.XECOperations::pointMultiply (383 bytes)

VM state: not at safepoint (normal execution)

VM Mutex/Monitor currently owned by a thread: None

Heap address: 0x00000000c3600000, size: 970 MB, Compressed Oops mode: 32-bit

CDS disabled.
Compressed class space mapped at: 0x0000000100000000-0x0000000140000000, reserved size: 1073741824
Narrow klass base: 0x0000000000000000, Narrow klass shift: 3, Narrow klass range: 0x140000000

GC Precious Log:
 CPUs: 8 total, 8 available
 Memory: 3877M
 Large Page Support: Disabled
 NUMA Support: Disabled
 Compressed Oops: Enabled (32-bit)
 Heap Region Size: 1M
 Heap Min Capacity: 8M
 Heap Initial Capacity: 62M
 Heap Max Capacity: 970M
 Pre-touch: Disabled
 Parallel Workers: 8
 Concurrent Workers: 2
 Concurrent Refinement Workers: 8
 Periodic GC: Disabled

Heap:
 garbage-first heap   total 92160K, used 40218K [0x00000000c3600000, 0x0000000100000000)
  region size 1024K, 8 young (8192K), 1 survivors (1024K)
 Metaspace       used 83130K, committed 83840K, reserved 1130496K
  class space    used 9711K, committed 10048K, reserved 1048576K

Heap Regions: E=young(eden), S=young(survivor), O=old, HS=humongous(starts), HC=humongous(continues), CS=collection set, F=free, OA=open archive, CA=closed archive, TAMS=top-at-mark-start (previous, next)
|   0|0x00000000c3600000, 0x00000000c3700000, 0x00000000c3700000|100%|HS|  |TAMS 0x00000000c3700000, 0x00000000c3600000| Untracked 
|   1|0x00000000c3700000, 0x00000000c37fffe8, 0x00000000c3800000| 99%| O|  |TAMS 0x00000000c3700000, 0x00000000c3700000| Untracked 
|   2|0x00000000c3800000, 0x00000000c38fffe8, 0x00000000c3900000| 99%| O|  |TAMS 0x00000000c3800000, 0x00000000c3800000| Untracked 
|   3|0x00000000c3900000, 0x00000000c39ffff8, 0x00000000c3a00000| 99%| O|  |TAMS 0x00000000c3900000, 0x00000000c3900000| Untracked 
|   4|0x00000000c3a00000, 0x00000000c3affff8, 0x00000000c3b00000| 99%| O|  |TAMS 0x00000000c3a00000, 0x00000000c3a00000| Untracked 
|   5|0x00000000c3b00000, 0x00000000c3bff8a0, 0x00000000c3c00000| 99%| O|  |TAMS 0x00000000c3b00000, 0x00000000c3b00000| Untracked 
|   6|0x00000000c3c00000, 0x00000000c3cfffa0, 0x00000000c3d00000| 99%| O|  |TAMS 0x00000000c3c00000, 0x00000000c3c00000| Untracked 
|   7|0x00000000c3d00000, 0x00000000c3dfffc0, 0x00000000c3e00000| 99%| O|  |TAMS 0x00000000c3d00000, 0x00000000c3d00000| Untracked 
|   8|0x00000000c3e00000, 0x00000000c3effff0, 0x00000000c3f00000| 99%| O|  |TAMS 0x00000000c3e00000, 0x00000000c3e00000| Untracked 
|   9|0x00000000c3f00000, 0x00000000c4000000, 0x00000000c4000000|100%| O|  |TAMS 0x00000000c3f00000, 0x00000000c3f00000| Untracked 
|  10|0x00000000c4000000, 0x00000000c4100000, 0x00000000c4100000|100%| O|  |TAMS 0x00000000c4000000, 0x00000000c4000000| Untracked 
|  11|0x00000000c4100000, 0x00000000c4200000, 0x00000000c4200000|100%| O|  |TAMS 0x00000000c4100000, 0x00000000c4100000| Untracked 
|  12|0x00000000c4200000, 0x00000000c4300000, 0x00000000c4300000|100%| O|  |TAMS 0x00000000c4200000, 0x00000000c4200000| Untracked 
|  13|0x00000000c4300000, 0x00000000c43fffe8, 0x00000000c4400000| 99%| O|  |TAMS 0x00000000c4300000, 0x00000000c4300000| Untracked 
|  14|0x00000000c4400000, 0x00000000c44ffec8, 0x00000000c4500000| 99%| O|  |TAMS 0x00000000c4400000, 0x00000000c4400000| Untracked 
|  15|0x00000000c4500000, 0x00000000c45fffa0, 0x00000000c4600000| 99%| O|  |TAMS 0x00000000c4500000, 0x00000000c4500000| Untracked 
|  16|0x00000000c4600000, 0x00000000c4700000, 0x00000000c4700000|100%| O|  |TAMS 0x00000000c4600000, 0x00000000c4600000| Untracked 
|  17|0x00000000c4700000, 0x00000000c47fffe8, 0x00000000c4800000| 99%| O|  |TAMS 0x00000000c4700000, 0x00000000c4700000| Untracked 
|  18|0x00000000c4800000, 0x00000000c48fffb8, 0x00000000c4900000| 99%| O|  |TAMS 0x00000000c4800000, 0x00000000c4800000| Untracked 
|  19|0x00000000c4900000, 0x00000000c49ffff8, 0x00000000c4a00000| 99%| O|  |TAMS 0x00000000c4900000, 0x00000000c4900000| Untracked 
|  20|0x00000000c4a00000, 0x00000000c4aff380, 0x00000000c4b00000| 99%| O|  |TAMS 0x00000000c4a00000, 0x00000000c4a00000| Untracked 
|  21|0x00000000c4b00000, 0x00000000c4bffff0, 0x00000000c4c00000| 99%| O|  |TAMS 0x00000000c4b00000, 0x00000000c4b00000| Untracked 
|  22|0x00000000c4c00000, 0x00000000c4cb6868, 0x00000000c4d00000| 71%| O|  |TAMS 0x00000000c4c00000, 0x00000000c4c00000| Untracked 
|  23|0x00000000c4d00000, 0x00000000c4daeb58, 0x00000000c4e00000| 68%| O|  |TAMS 0x00000000c4d00000, 0x00000000c4d00000| Untracked 
|  24|0x00000000c4e00000, 0x00000000c4efffe0, 0x00000000c4f00000| 99%| O|  |TAMS 0x00000000c4e00000, 0x00000000c4e00000| Untracked 
|  25|0x00000000c4f00000, 0x00000000c4f7b670, 0x00000000c5000000| 48%| O|  |TAMS 0x00000000c4f00000, 0x00000000c4f00000| Untracked 
|  26|0x00000000c5000000, 0x00000000c5100000, 0x00000000c5100000|100%| O|  |TAMS 0x00000000c5000000, 0x00000000c5000000| Untracked 
|  27|0x00000000c5100000, 0x00000000c5200000, 0x00000000c5200000|100%| O|  |TAMS 0x00000000c5100000, 0x00000000c5100000| Untracked 
|  28|0x00000000c5200000, 0x00000000c5300000, 0x00000000c5300000|100%| O|  |TAMS 0x00000000c5200000, 0x00000000c5200000| Untracked 
|  29|0x00000000c5300000, 0x00000000c5400000, 0x00000000c5400000|100%| O|  |TAMS 0x00000000c5300000, 0x00000000c5300000| Untracked 
|  30|0x00000000c5400000, 0x00000000c5500000, 0x00000000c5500000|100%| O|  |TAMS 0x00000000c5400000, 0x00000000c5400000| Untracked 
|  31|0x00000000c5500000, 0x00000000c5600000, 0x00000000c5600000|100%| O|  |TAMS 0x00000000c5500000, 0x00000000c5500000| Untracked 
|  32|0x00000000c5600000, 0x00000000c5700000, 0x00000000c5700000|100%| O|  |TAMS 0x00000000c5600000, 0x00000000c5600000| Untracked 
|  33|0x00000000c5700000, 0x00000000c5753e80, 0x00000000c5800000| 32%| O|  |TAMS 0x00000000c5700000, 0x00000000c5700000| Untracked 
|  34|0x00000000c5800000, 0x00000000c581d200, 0x00000000c5900000| 11%| O|  |TAMS 0x00000000c5800000, 0x00000000c5800000| Untracked 
|  35|0x00000000c5900000, 0x00000000c5900000, 0x00000000c5a00000|  0%| F|  |TAMS 0x00000000c5900000, 0x00000000c5900000| Untracked 
|  36|0x00000000c5a00000, 0x00000000c5a00000, 0x00000000c5b00000|  0%| F|  |TAMS 0x00000000c5a00000, 0x00000000c5a00000| Untracked 
|  37|0x00000000c5b00000, 0x00000000c5b00000, 0x00000000c5c00000|  0%| F|  |TAMS 0x00000000c5b00000, 0x00000000c5b00000| Untracked 
|  38|0x00000000c5c00000, 0x00000000c5c00000, 0x00000000c5d00000|  0%| F|  |TAMS 0x00000000c5c00000, 0x00000000c5c00000| Untracked 
|  39|0x00000000c5d00000, 0x00000000c5d00000, 0x00000000c5e00000|  0%| F|  |TAMS 0x00000000c5d00000, 0x00000000c5d00000| Untracked 
|  40|0x00000000c5e00000, 0x00000000c5e00000, 0x00000000c5f00000|  0%| F|  |TAMS 0x00000000c5e00000, 0x00000000c5e00000| Untracked 
|  41|0x00000000c5f00000, 0x00000000c5f00000, 0x00000000c6000000|  0%| F|  |TAMS 0x00000000c5f00000, 0x00000000c5f00000| Untracked 
|  42|0x00000000c6000000, 0x00000000c6000000, 0x00000000c6100000|  0%| F|  |TAMS 0x00000000c6000000, 0x00000000c6000000| Untracked 
|  43|0x00000000c6100000, 0x00000000c6100000, 0x00000000c6200000|  0%| F|  |TAMS 0x00000000c6100000, 0x00000000c6100000| Untracked 
|  44|0x00000000c6200000, 0x00000000c6200000, 0x00000000c6300000|  0%| F|  |TAMS 0x00000000c6200000, 0x00000000c6200000| Untracked 
|  45|0x00000000c6300000, 0x00000000c63f6788, 0x00000000c6400000| 96%| S|CS|TAMS 0x00000000c6300000, 0x00000000c6300000| Complete 
|  46|0x00000000c6400000, 0x00000000c6400000, 0x00000000c6500000|  0%| F|  |TAMS 0x00000000c6400000, 0x00000000c6400000| Untracked 
|  47|0x00000000c6500000, 0x00000000c6500000, 0x00000000c6600000|  0%| F|  |TAMS 0x00000000c6500000, 0x00000000c6500000| Untracked 
|  48|0x00000000c6600000, 0x00000000c6600000, 0x00000000c6700000|  0%| F|  |TAMS 0x00000000c6600000, 0x00000000c6600000| Untracked 
|  49|0x00000000c6700000, 0x00000000c6700000, 0x00000000c6800000|  0%| F|  |TAMS 0x00000000c6700000, 0x00000000c6700000| Untracked 
|  50|0x00000000c6800000, 0x00000000c6800000, 0x00000000c6900000|  0%| F|  |TAMS 0x00000000c6800000, 0x00000000c6800000| Untracked 
|  51|0x00000000c6900000, 0x00000000c6900000, 0x00000000c6a00000|  0%| F|  |TAMS 0x00000000c6900000, 0x00000000c6900000| Untracked 
|  52|0x00000000c6a00000, 0x00000000c6a00000, 0x00000000c6b00000|  0%| F|  |TAMS 0x00000000c6a00000, 0x00000000c6a00000| Untracked 
|  53|0x00000000c6b00000, 0x00000000c6b00000, 0x00000000c6c00000|  0%| F|  |TAMS 0x00000000c6b00000, 0x00000000c6b00000| Untracked 
|  54|0x00000000c6c00000, 0x00000000c6c00000, 0x00000000c6d00000|  0%| F|  |TAMS 0x00000000c6c00000, 0x00000000c6c00000| Untracked 
|  55|0x00000000c6d00000, 0x00000000c6d00000, 0x00000000c6e00000|  0%| F|  |TAMS 0x00000000c6d00000, 0x00000000c6d00000| Untracked 
|  56|0x00000000c6e00000, 0x00000000c6e00000, 0x00000000c6f00000|  0%| F|  |TAMS 0x00000000c6e00000, 0x00000000c6e00000| Untracked 
|  57|0x00000000c6f00000, 0x00000000c6f00000, 0x00000000c7000000|  0%| F|  |TAMS 0x00000000c6f00000, 0x00000000c6f00000| Untracked 
|  58|0x00000000c7000000, 0x00000000c7000000, 0x00000000c7100000|  0%| F|  |TAMS 0x00000000c7000000, 0x00000000c7000000| Untracked 
|  59|0x00000000c7100000, 0x00000000c7100000, 0x00000000c7200000|  0%| F|  |TAMS 0x00000000c7100000, 0x00000000c7100000| Untracked 
|  60|0x00000000c7200000, 0x00000000c7200000, 0x00000000c7300000|  0%| F|  |TAMS 0x00000000c7200000, 0x00000000c7200000| Untracked 
|  61|0x00000000c7300000, 0x00000000c7300000, 0x00000000c7400000|  0%| F|  |TAMS 0x00000000c7300000, 0x00000000c7300000| Untracked 
|  62|0x00000000c7400000, 0x00000000c7400000, 0x00000000c7500000|  0%| F|  |TAMS 0x00000000c7400000, 0x00000000c7400000| Untracked 
|  63|0x00000000c7500000, 0x00000000c7500000, 0x00000000c7600000|  0%| F|  |TAMS 0x00000000c7500000, 0x00000000c7500000| Untracked 
|  64|0x00000000c7600000, 0x00000000c7600000, 0x00000000c7700000|  0%| F|  |TAMS 0x00000000c7600000, 0x00000000c7600000| Untracked 
|  65|0x00000000c7700000, 0x00000000c7700000, 0x00000000c7800000|  0%| F|  |TAMS 0x00000000c7700000, 0x00000000c7700000| Untracked 
|  66|0x00000000c7800000, 0x00000000c7800000, 0x00000000c7900000|  0%| F|  |TAMS 0x00000000c7800000, 0x00000000c7800000| Untracked 
|  67|0x00000000c7900000, 0x00000000c7900000, 0x00000000c7a00000|  0%| F|  |TAMS 0x00000000c7900000, 0x00000000c7900000| Untracked 
|  68|0x00000000c7a00000, 0x00000000c7a00000, 0x00000000c7b00000|  0%| F|  |TAMS 0x00000000c7a00000, 0x00000000c7a00000| Untracked 
|  69|0x00000000c7b00000, 0x00000000c7b00000, 0x00000000c7c00000|  0%| F|  |TAMS 0x00000000c7b00000, 0x00000000c7b00000| Untracked 
|  70|0x00000000c7c00000, 0x00000000c7c00000, 0x00000000c7d00000|  0%| F|  |TAMS 0x00000000c7c00000, 0x00000000c7c00000| Untracked 
|  71|0x00000000c7d00000, 0x00000000c7d00000, 0x00000000c7e00000|  0%| F|  |TAMS 0x00000000c7d00000, 0x00000000c7d00000| Untracked 
|  72|0x00000000c7e00000, 0x00000000c7e00000, 0x00000000c7f00000|  0%| F|  |TAMS 0x00000000c7e00000, 0x00000000c7e00000| Untracked 
|  73|0x00000000c7f00000, 0x00000000c7f00000, 0x00000000c8000000|  0%| F|  |TAMS 0x00000000c7f00000, 0x00000000c7f00000| Untracked 
|  74|0x00000000c8000000, 0x00000000c8000000, 0x00000000c8100000|  0%| F|  |TAMS 0x00000000c8000000, 0x00000000c8000000| Untracked 
|  75|0x00000000c8100000, 0x00000000c8100000, 0x00000000c8200000|  0%| F|  |TAMS 0x00000000c8100000, 0x00000000c8100000| Untracked 
|  76|0x00000000c8200000, 0x00000000c8200000, 0x00000000c8300000|  0%| F|  |TAMS 0x00000000c8200000, 0x00000000c8200000| Untracked 
|  77|0x00000000c8300000, 0x00000000c8300000, 0x00000000c8400000|  0%| F|  |TAMS 0x00000000c8300000, 0x00000000c8300000| Untracked 
|  78|0x00000000c8400000, 0x00000000c8400000, 0x00000000c8500000|  0%| F|  |TAMS 0x00000000c8400000, 0x00000000c8400000| Untracked 
|  79|0x00000000c8500000, 0x00000000c8500000, 0x00000000c8600000|  0%| F|  |TAMS 0x00000000c8500000, 0x00000000c8500000| Untracked 
|  80|0x00000000c8600000, 0x00000000c8600000, 0x00000000c8700000|  0%| F|  |TAMS 0x00000000c8600000, 0x00000000c8600000| Untracked 
|  81|0x00000000c8700000, 0x00000000c8700000, 0x00000000c8800000|  0%| F|  |TAMS 0x00000000c8700000, 0x00000000c8700000| Untracked 
|  82|0x00000000c8800000, 0x00000000c8800000, 0x00000000c8900000|  0%| F|  |TAMS 0x00000000c8800000, 0x00000000c8800000| Untracked 
|  83|0x00000000c8900000, 0x00000000c8949f28, 0x00000000c8a00000| 28%| E|  |TAMS 0x00000000c8900000, 0x00000000c8900000| Complete 
|  84|0x00000000c8a00000, 0x00000000c8b00000, 0x00000000c8b00000|100%| E|CS|TAMS 0x00000000c8a00000, 0x00000000c8a00000| Complete 
|  85|0x00000000c8b00000, 0x00000000c8c00000, 0x00000000c8c00000|100%| E|CS|TAMS 0x00000000c8b00000, 0x00000000c8b00000| Complete 
|  86|0x00000000c8c00000, 0x00000000c8d00000, 0x00000000c8d00000|100%| E|CS|TAMS 0x00000000c8c00000, 0x00000000c8c00000| Complete 
|  87|0x00000000c8d00000, 0x00000000c8e00000, 0x00000000c8e00000|100%| E|CS|TAMS 0x00000000c8d00000, 0x00000000c8d00000| Complete 
|  88|0x00000000c8e00000, 0x00000000c8f00000, 0x00000000c8f00000|100%| E|CS|TAMS 0x00000000c8e00000, 0x00000000c8e00000| Complete 
| 146|0x00000000cc800000, 0x00000000cc900000, 0x00000000cc900000|100%| E|CS|TAMS 0x00000000cc800000, 0x00000000cc800000| Complete 

Card table byte_map: [0x0000024294000000,0x00000242941f0000] _byte_map_base: 0x00000242939e5000

Marking Bits (Prev, Next): (CMBitMap*) 0x00000242ff976c20, (CMBitMap*) 0x00000242ff976c60
 Prev Bits: [0x00000242943e0000, 0x0000024295308000)
 Next Bits: [0x0000024295310000, 0x0000024296238000)

Polling page: 0x00000242ffa20000

Metaspace:

Usage:
  Non-class:     71.70 MB used.
      Class:      9.48 MB used.
       Both:     81.18 MB used.

Virtual space:
  Non-class space:       80.00 MB reserved,      72.06 MB ( 90%) committed,  10 nodes.
      Class space:        1.00 GB reserved,       9.81 MB ( <1%) committed,  1 nodes.
              Both:        1.08 GB reserved,      81.88 MB (  7%) committed. 

Chunk freelists:
   Non-Class:  3.87 MB
       Class:  2.23 MB
        Both:  6.11 MB

MaxMetaspaceSize: 17179869184.00 GB
CompressedClassSpaceSize: 1.00 GB
 - commit_granule_bytes: 65536.
 - commit_granule_words: 8192.
 - virtual_space_node_default_size: 1048576.
 - enlarge_chunks_in_place: 1.
 - new_chunks_are_fully_committed: 0.
 - uncommit_free_chunks: 1.
 - use_allocation_guard: 0.
 - handle_deallocations: 1.


Internal statistics:

num_allocs_failed_limit: 14.
num_arena_births: 1408.
num_arena_deaths: 374.
num_vsnodes_births: 11.
num_vsnodes_deaths: 0.
num_space_committed: 1311.
num_space_uncommitted: 1.
num_chunks_returned_to_freelist: 536.
num_chunks_taken_from_freelist: 4620.
num_chunk_merges: 158.
num_chunk_splits: 2717.
num_chunks_enlarged: 1681.
num_purges: 12.

CodeHeap 'non-profiled nmethods': size=120000Kb used=9300Kb max_used=9300Kb free=110699Kb
 bounds [0x000002428c380000, 0x000002428cca0000, 0x00000242938b0000]
CodeHeap 'profiled nmethods': size=120000Kb used=25194Kb max_used=25194Kb free=94805Kb
 bounds [0x0000024284e50000, 0x00000242866f0000, 0x000002428c380000]
CodeHeap 'non-nmethods': size=5760Kb used=1368Kb max_used=1437Kb free=4391Kb
 bounds [0x00000242848b0000, 0x0000024284b20000, 0x0000024284e50000]
 total_blobs=13647 nmethods=12968 adapters=590
 compilation: enabled
              stopped_count=0, restarted_count=0
 full_count=0

Compilation events (20 events):
Event: 11411.377 Thread 0x0000024298c9cfd0 nmethod 16375 0x00000242866e2d90 code [0x00000242866e2f40, 0x00000242866e3208]
Event: 11411.378 Thread 0x0000024298c9cfd0 16374       1       java.security.spec.PSSParameterSpec::getMGFAlgorithm (5 bytes)
Event: 11411.378 Thread 0x0000024298c9cfd0 nmethod 16374 0x000002428cc94190 code [0x000002428cc94320, 0x000002428cc943f8]
Event: 11411.397 Thread 0x0000024298c9c680 16376       4       com.mysql.cj.protocol.a.NativePacketPayload::writeBytes (10 bytes)
Event: 11411.411 Thread 0x0000024298c9c680 nmethod 16376 0x000002428cc94490 code [0x000002428cc94660, 0x000002428cc94bf8]
Event: 11418.429 Thread 0x0000024298c9cfd0 16377       3       org.apache.coyote.AbstractProtocol$ConnectionHandler::release (85 bytes)
Event: 11418.479 Thread 0x0000024298c9cfd0 nmethod 16377 0x00000242866e3310 code [0x00000242866e3660, 0x00000242866e4908]
Event: 11418.480 Thread 0x0000024298c9cfd0 16378       1       org.apache.tomcat.util.threads.LimitLatch::access$000 (5 bytes)
Event: 11418.485 Thread 0x0000024298c9cfd0 nmethod 16378 0x000002428cc94e90 code [0x000002428cc95020, 0x000002428cc950d8]
Event: 11424.752 Thread 0x0000024298c9cfd0 16379       3       java.lang.ThreadLocal$ThreadLocalMap::setThreshold (10 bytes)
Event: 11424.754 Thread 0x0000024298c9cfd0 nmethod 16379 0x00000242866e4f10 code [0x00000242866e50a0, 0x00000242866e51d8]
Event: 11424.788 Thread 0x0000024298c9cfd0 16380       3       java.security.SecureRandom::<init> (35 bytes)
Event: 11424.796 Thread 0x0000024298c9cfd0 nmethod 16380 0x00000242866e5290 code [0x00000242866e5460, 0x00000242866e56c8]
Event: 11424.796 Thread 0x0000024298c9cfd0 16381       3       java.security.SecureRandom::setSeed (15 bytes)
Event: 11424.797 Thread 0x0000024298c9cfd0 nmethod 16381 0x00000242866e5790 code [0x00000242866e5940, 0x00000242866e5b18]
Event: 11424.797 Thread 0x0000024298c9cfd0 16382   !   3       java.security.SecureRandom::getDefaultPRNG (185 bytes)
Event: 11424.827 Thread 0x0000024298c9cfd0 nmethod 16382 0x00000242866e5c10 code [0x00000242866e5f20, 0x00000242866e72f8]
Event: 11424.838 Thread 0x0000024298c9c680 16383       4       sun.security.ec.XECOperations::pointMultiply (383 bytes)
Event: 11424.904 Thread 0x0000024298c9cfd0 16384   !   3       javax.crypto.Cipher::tokenizeTransformation (212 bytes)
Event: 11425.018 Thread 0x0000024298c9cfd0 nmethod 16384 0x00000242866e7910 code [0x00000242866e7e20, 0x00000242866ea198]

GC Heap History (20 events):
Event: 7487.028 GC heap before
{Heap before GC invocations=76 (full 6):
 garbage-first heap   total 92160K, used 36179K [0x00000000c3600000, 0x0000000100000000)
  region size 1024K, 4 young (4096K), 1 survivors (1024K)
 Metaspace       used 82665K, committed 83392K, reserved 1122304K
  class space    used 9709K, committed 10048K, reserved 1048576K
}
Event: 7487.210 GC heap after
{Heap after GC invocations=77 (full 6):
 garbage-first heap   total 92160K, used 33140K [0x00000000c3600000, 0x0000000100000000)
  region size 1024K, 1 young (1024K), 1 survivors (1024K)
 Metaspace       used 82665K, committed 83392K, reserved 1122304K
  class space    used 9709K, committed 10048K, reserved 1048576K
}
Event: 7545.288 GC heap before
{Heap before GC invocations=77 (full 6):
 garbage-first heap   total 92160K, used 36212K [0x00000000c3600000, 0x0000000100000000)
  region size 1024K, 4 young (4096K), 1 survivors (1024K)
 Metaspace       used 82665K, committed 83392K, reserved 1122304K
  class space    used 9709K, committed 10048K, reserved 1048576K
}
Event: 7545.820 GC heap after
{Heap after GC invocations=78 (full 6):
 garbage-first heap   total 92160K, used 33150K [0x00000000c3600000, 0x0000000100000000)
  region size 1024K, 1 young (1024K), 1 survivors (1024K)
 Metaspace       used 82665K, committed 83392K, reserved 1122304K
  class space    used 9709K, committed 10048K, reserved 1048576K
}
Event: 7814.774 GC heap before
{Heap before GC invocations=78 (full 6):
 garbage-first heap   total 92160K, used 50558K [0x00000000c3600000, 0x0000000100000000)
  region size 1024K, 18 young (18432K), 1 survivors (1024K)
 Metaspace       used 82746K, committed 83456K, reserved 1122304K
  class space    used 9709K, committed 10048K, reserved 1048576K
}
Event: 7814.891 GC heap after
{Heap after GC invocations=79 (full 6):
 garbage-first heap   total 92160K, used 33197K [0x00000000c3600000, 0x0000000100000000)
  region size 1024K, 1 young (1024K), 1 survivors (1024K)
 Metaspace       used 82746K, committed 83456K, reserved 1122304K
  class space    used 9709K, committed 10048K, reserved 1048576K
}
Event: 8316.097 GC heap before
{Heap before GC invocations=79 (full 6):
 garbage-first heap   total 92160K, used 78253K [0x00000000c3600000, 0x0000000100000000)
  region size 1024K, 46 young (47104K), 1 survivors (1024K)
 Metaspace       used 82829K, committed 83520K, reserved 1122304K
  class space    used 9710K, committed 10048K, reserved 1048576K
}
Event: 8317.081 GC heap after
{Heap after GC invocations=80 (full 6):
 garbage-first heap   total 92160K, used 33773K [0x00000000c3600000, 0x0000000100000000)
  region size 1024K, 1 young (1024K), 1 survivors (1024K)
 Metaspace       used 82829K, committed 83520K, reserved 1122304K
  class space    used 9710K, committed 10048K, reserved 1048576K
}
Event: 9076.998 GC heap before
{Heap before GC invocations=80 (full 6):
 garbage-first heap   total 92160K, used 78829K [0x00000000c3600000, 0x0000000100000000)
  region size 1024K, 45 young (46080K), 1 survivors (1024K)
 Metaspace       used 82975K, committed 83712K, reserved 1130496K
  class space    used 9711K, committed 10048K, reserved 1048576K
}
Event: 9077.164 GC heap after
{Heap after GC invocations=81 (full 6):
 garbage-first heap   total 92160K, used 33812K [0x00000000c3600000, 0x0000000100000000)
  region size 1024K, 1 young (1024K), 1 survivors (1024K)
 Metaspace       used 82975K, committed 83712K, reserved 1130496K
  class space    used 9711K, committed 10048K, reserved 1048576K
}
Event: 9631.430 GC heap before
{Heap before GC invocations=81 (full 6):
 garbage-first heap   total 92160K, used 79892K [0x00000000c3600000, 0x0000000100000000)
  region size 1024K, 46 young (47104K), 1 survivors (1024K)
 Metaspace       used 83036K, committed 83776K, reserved 1130496K
  class space    used 9711K, committed 10048K, reserved 1048576K
}
Event: 9632.142 GC heap after
{Heap after GC invocations=82 (full 6):
 garbage-first heap   total 92160K, used 34147K [0x00000000c3600000, 0x0000000100000000)
  region size 1024K, 2 young (2048K), 2 survivors (2048K)
 Metaspace       used 83036K, committed 83776K, reserved 1130496K
  class space    used 9711K, committed 10048K, reserved 1048576K
}
Event: 9805.125 GC heap before
{Heap before GC invocations=82 (full 6):
 garbage-first heap   total 92160K, used 45411K [0x00000000c3600000, 0x0000000100000000)
  region size 1024K, 13 young (13312K), 2 survivors (2048K)
 Metaspace       used 83045K, committed 83776K, reserved 1130496K
  class space    used 9711K, committed 10048K, reserved 1048576K
}
Event: 9805.422 GC heap after
{Heap after GC invocations=83 (full 6):
 garbage-first heap   total 92160K, used 34069K [0x00000000c3600000, 0x0000000100000000)
  region size 1024K, 1 young (1024K), 1 survivors (1024K)
 Metaspace       used 83045K, committed 83776K, reserved 1130496K
  class space    used 9711K, committed 10048K, reserved 1048576K
}
Event: 10102.042 GC heap before
{Heap before GC invocations=83 (full 6):
 garbage-first heap   total 92160K, used 49429K [0x00000000c3600000, 0x0000000100000000)
  region size 1024K, 16 young (16384K), 1 survivors (1024K)
 Metaspace       used 83051K, committed 83776K, reserved 1130496K
  class space    used 9711K, committed 10048K, reserved 1048576K
}
Event: 10102.554 GC heap after
{Heap after GC invocations=84 (full 6):
 garbage-first heap   total 92160K, used 33844K [0x00000000c3600000, 0x0000000100000000)
  region size 1024K, 1 young (1024K), 1 survivors (1024K)
 Metaspace       used 83051K, committed 83776K, reserved 1130496K
  class space    used 9711K, committed 10048K, reserved 1048576K
}
Event: 10818.018 GC heap before
{Heap before GC invocations=84 (full 6):
 garbage-first heap   total 92160K, used 71732K [0x00000000c3600000, 0x0000000100000000)
  region size 1024K, 39 young (39936K), 1 survivors (1024K)
 Metaspace       used 83068K, committed 83776K, reserved 1130496K
  class space    used 9711K, committed 10048K, reserved 1048576K
}
Event: 10818.163 GC heap after
{Heap after GC invocations=85 (full 6):
 garbage-first heap   total 92160K, used 33812K [0x00000000c3600000, 0x0000000100000000)
  region size 1024K, 1 young (1024K), 1 survivors (1024K)
 Metaspace       used 83068K, committed 83776K, reserved 1130496K
  class space    used 9711K, committed 10048K, reserved 1048576K
}
Event: 11407.102 GC heap before
{Heap before GC invocations=85 (full 6):
 garbage-first heap   total 92160K, used 77844K [0x00000000c3600000, 0x0000000100000000)
  region size 1024K, 44 young (45056K), 1 survivors (1024K)
 Metaspace       used 83114K, committed 83840K, reserved 1130496K
  class space    used 9711K, committed 10048K, reserved 1048576K
}
Event: 11407.162 GC heap after
{Heap after GC invocations=86 (full 6):
 garbage-first heap   total 92160K, used 34074K [0x00000000c3600000, 0x0000000100000000)
  region size 1024K, 1 young (1024K), 1 survivors (1024K)
 Metaspace       used 83114K, committed 83840K, reserved 1130496K
  class space    used 9711K, committed 10048K, reserved 1048576K
}

Deoptimization events (20 events):
Event: 9615.261 Thread 0x000002429994eaf0 Uncommon trap: trap_request=0xffffffbe fr.pc=0x000002428cc7073c relative=0x000000000000103c
Event: 9615.261 Thread 0x000002429994eaf0 Uncommon trap: reason=profile_predicate action=maybe_recompile pc=0x000002428cc7073c method=sun.security.util.math.IntegerModuloP.pow(Ljava/math/BigInteger;)Lsun/security/util/math/ImmutableIntegerModuloP; @ 37 c2
Event: 9615.261 Thread 0x000002429994eaf0 DEOPT PACKING pc=0x000002428cc7073c sp=0x00000070149fd980
Event: 9615.261 Thread 0x000002429994eaf0 DEOPT UNPACKING pc=0x00000242848ff92e sp=0x00000070149fd988 mode 2
Event: 9615.266 Thread 0x000002429994eaf0 Uncommon trap: trap_request=0xffffffbe fr.pc=0x000002428cc7073c relative=0x000000000000103c
Event: 9615.266 Thread 0x000002429994eaf0 Uncommon trap: reason=profile_predicate action=maybe_recompile pc=0x000002428cc7073c method=sun.security.util.math.IntegerModuloP.pow(Ljava/math/BigInteger;)Lsun/security/util/math/ImmutableIntegerModuloP; @ 37 c2
Event: 9615.266 Thread 0x000002429994eaf0 DEOPT PACKING pc=0x000002428cc7073c sp=0x00000070149fda40
Event: 9615.266 Thread 0x000002429994eaf0 DEOPT UNPACKING pc=0x00000242848ff92e sp=0x00000070149fda48 mode 2
Event: 9617.850 Thread 0x000002429994eaf0 Uncommon trap: trap_request=0xffffffbe fr.pc=0x000002428cc7073c relative=0x000000000000103c
Event: 9617.850 Thread 0x000002429994eaf0 Uncommon trap: reason=profile_predicate action=maybe_recompile pc=0x000002428cc7073c method=sun.security.util.math.IntegerModuloP.pow(Ljava/math/BigInteger;)Lsun/security/util/math/ImmutableIntegerModuloP; @ 37 c2
Event: 9617.850 Thread 0x000002429994eaf0 DEOPT PACKING pc=0x000002428cc7073c sp=0x00000070149fdbd0
Event: 9617.850 Thread 0x000002429994eaf0 DEOPT UNPACKING pc=0x00000242848ff92e sp=0x00000070149fdbd8 mode 2
Event: 9635.853 Thread 0x0000024299952010 DEOPT PACKING pc=0x0000024286081008 sp=0x00000070149fd8f0
Event: 9635.875 Thread 0x0000024299952010 DEOPT UNPACKING pc=0x00000242848fe77e sp=0x00000070149fcde8 mode 0
Event: 9652.409 Thread 0x0000024299950580 DEOPT PACKING pc=0x0000024285e4de6c sp=0x00000070149fe060
Event: 9652.411 Thread 0x0000024299950580 DEOPT UNPACKING pc=0x00000242848fe77e sp=0x00000070149fd4e8 mode 0
Event: 11369.605 Thread 0x000002429994eaf0 DEOPT PACKING pc=0x00000242856744f9 sp=0x00000070149fda90
Event: 11369.740 Thread 0x000002429994eaf0 DEOPT UNPACKING pc=0x00000242848fe77e sp=0x00000070149fcf10 mode 0
Event: 11424.839 Thread 0x000002429994eaf0 DEOPT PACKING pc=0x0000024286081008 sp=0x00000070149fdc10
Event: 11424.843 Thread 0x000002429994eaf0 DEOPT UNPACKING pc=0x00000242848fe77e sp=0x00000070149fd108 mode 0

Classes unloaded (20 events):
Event: 4877.882 Thread 0x0000024298c44280 Unloading class 0x0000000100494940 'com/exam/service/UserService'
Event: 4877.882 Thread 0x0000024298c44280 Unloading class 0x0000000100494718 'com/exam/service/implementation/UserDetailsServiceImplementation'
Event: 4877.882 Thread 0x0000024298c44280 Unloading class 0x0000000100494480 'com/exam/service/implementation/QuizServiceImplementation'
Event: 4877.882 Thread 0x0000024298c44280 Unloading class 0x0000000100494288 'com/exam/service/QuizService'
Event: 4877.882 Thread 0x0000024298c44280 Unloading class 0x0000000100494000 'com/exam/service/implementation/QuestionServiceImplementation'
Event: 4877.882 Thread 0x0000024298c44280 Unloading class 0x0000000100931d58 'com/exam/service/QuestionService'
Event: 4877.882 Thread 0x0000024298c44280 Unloading class 0x0000000100931af0 'com/exam/service/implementation/CategoryServiceImplementation'
Event: 4877.882 Thread 0x0000024298c44280 Unloading class 0x00000001009318f8 'com/exam/service/CategoryService'
Event: 4877.882 Thread 0x0000024298c44280 Unloading class 0x00000001009316c0 'com/exam/controller/UserController'
Event: 4877.882 Thread 0x0000024298c44280 Unloading class 0x0000000100931478 'com/exam/controller/QuizController'
Event: 4877.882 Thread 0x0000024298c44280 Unloading class 0x0000000100931230 'com/exam/controller/QuestionController'
Event: 4877.882 Thread 0x0000024298c44280 Unloading class 0x0000000100931000 'com/exam/controller/CategoryController'
Event: 4877.882 Thread 0x0000024298c44280 Unloading class 0x0000000100930d98 'com/exam/controller/AuthenticateController'
Event: 4877.882 Thread 0x0000024298c44280 Unloading class 0x0000000100930b68 'com/exam/configuration/JwtUtils'
Event: 4877.882 Thread 0x0000024298c44280 Unloading class 0x0000000100930800 'com/exam/configuration/JwtAuthenticationFilter'
Event: 4877.882 Thread 0x0000024298c44280 Unloading class 0x00000001009324b8 'com/exam/configuration/JwtAuthenticationEntryPoint'
Event: 4877.883 Thread 0x0000024298c44280 Unloading class 0x0000000100932200 'com/exam/configuration/MySecurityConfiguration'
Event: 4877.883 Thread 0x0000024298c44280 Unloading class 0x0000000100932000 'com/exam/ExamDoorWayApplication'
Event: 5257.863 Thread 0x0000024298c44280 Unloading class 0x0000000100983c00 'org/apache/catalina/loader/JdbcLeakPrevention'
Event: 6059.969 Thread 0x0000024298c44280 Unloading class 0x00000001001b0c00 'org/apache/catalina/loader/JdbcLeakPrevention'

Classes redefined (0 events):
No events

Internal exceptions (20 events):
Event: 6070.551 Thread 0x000002429f21f9d0 Exception <a 'java/lang/ClassNotFoundException'{0x00000000c79e6468}: java/lang/ObjectCustomizer> (0x00000000c79e6468) 
thrown [t:\workspace\open\src\hotspot\share\classfile\systemDictionary.cpp, line 256]
Event: 6070.551 Thread 0x000002429f21f9d0 Exception <a 'java/lang/ClassNotFoundException'{0x00000000c79ee4b0}: org/springframework/security/config/annotation/web/configuration/WebSecurityConfigurerAdapterCustomizer> (0x00000000c79ee4b0) 
thrown [t:\workspace\open\src\hotspot\share\classfile\systemDictionary.cpp, line 256]
Event: 6070.552 Thread 0x000002429f21f9d0 Exception <a 'java/lang/ClassNotFoundException'{0x00000000c79fd0b8}: com/exam/configuration/MySecurityConfigurationCustomizer> (0x00000000c79fd0b8) 
thrown [t:\workspace\open\src\hotspot\share\classfile\systemDictionary.cpp, line 256]
Event: 6070.553 Thread 0x000002429f21f9d0 Exception <a 'java/lang/ClassNotFoundException'{0x00000000c78066d8}: com/exam/configuration/MySecurityConfiguration$$EnhancerBySpringCGLIB$$6bec1809Customizer> (0x00000000c78066d8) 
thrown [t:\workspace\open\src\hotspot\share\classfile\systemDictionary.cpp, line 256]
Event: 6070.555 Thread 0x000002429f21f9d0 Exception <a 'java/lang/ClassNotFoundException'{0x00000000c7819fd8}: org/springframework/context/annotation/ConfigurationClassEnhancer$EnhancedConfigurationCustomizer> (0x00000000c7819fd8) 
thrown [t:\workspace\open\src\hotspot\share\classfile\systemDictionary.cpp, line 256]
Event: 6070.556 Thread 0x000002429f21f9d0 Exception <a 'java/lang/ClassNotFoundException'{0x00000000c781e2c8}: org/springframework/beans/factory/BeanFactoryAwareCustomizer> (0x00000000c781e2c8) 
thrown [t:\workspace\open\src\hotspot\share\classfile\systemDictionary.cpp, line 256]
Event: 6070.558 Thread 0x000002429f21f9d0 Exception <a 'java/lang/ClassNotFoundException'{0x00000000c7823bd8}: org/springframework/beans/factory/AwareCustomizer> (0x00000000c7823bd8) 
thrown [t:\workspace\open\src\hotspot\share\classfile\systemDictionary.cpp, line 256]
Event: 6070.559 Thread 0x000002429f21f9d0 Exception <a 'java/lang/ClassNotFoundException'{0x00000000c7828360}: org/springframework/security/config/annotation/web/WebSecurityConfigurerCustomizer> (0x00000000c7828360) 
thrown [t:\workspace\open\src\hotspot\share\classfile\systemDictionary.cpp, line 256]
Event: 6070.560 Thread 0x000002429f21f9d0 Exception <a 'java/lang/ClassNotFoundException'{0x00000000c782cad8}: org/springframework/security/config/annotation/SecurityConfigurerCustomizer> (0x00000000c782cad8) 
thrown [t:\workspace\open\src\hotspot\share\classfile\systemDictionary.cpp, line 256]
Event: 6070.618 Thread 0x000002429f21f9d0 Exception <a 'java/lang/ClassNotFoundException'{0x00000000c757f510}: java/lang/ObjectCustomizer> (0x00000000c757f510) 
thrown [t:\workspace\open\src\hotspot\share\classfile\systemDictionary.cpp, line 256]
Event: 6070.618 Thread 0x000002429f21f9d0 Exception <a 'java/lang/ClassNotFoundException'{0x00000000c75883d8}: com/exam/model/exam/CategoryCustomizer> (0x00000000c75883d8) 
thrown [t:\workspace\open\src\hotspot\share\classfile\systemDictionary.cpp, line 256]
Event: 6070.623 Thread 0x000002429f21f9d0 Exception <a 'java/lang/ClassNotFoundException'{0x00000000c75b6c10}: java/lang/ObjectCustomizer> (0x00000000c75b6c10) 
thrown [t:\workspace\open\src\hotspot\share\classfile\systemDictionary.cpp, line 256]
Event: 6070.625 Thread 0x000002429f21f9d0 Exception <a 'java/lang/ClassNotFoundException'{0x00000000c75bf7f0}: com/exam/model/exam/QuizCustomizer> (0x00000000c75bf7f0) 
thrown [t:\workspace\open\src\hotspot\share\classfile\systemDictionary.cpp, line 256]
Event: 6070.628 Thread 0x000002429f21f9d0 Exception <a 'java/lang/ClassNotFoundException'{0x00000000c74127d8}: java/lang/ObjectCustomizer> (0x00000000c74127d8) 
thrown [t:\workspace\open\src\hotspot\share\classfile\systemDictionary.cpp, line 256]
Event: 6070.629 Thread 0x000002429f21f9d0 Exception <a 'java/lang/ClassNotFoundException'{0x00000000c741b458}: com/exam/model/exam/QuestionCustomizer> (0x00000000c741b458) 
thrown [t:\workspace\open\src\hotspot\share\classfile\systemDictionary.cpp, line 256]
Event: 6814.552 Thread 0x000002429f223440 Exception <a 'java/lang/IllegalArgumentException'{0x00000000c758b5e8}: object is not an instance of declaring class> (0x00000000c758b5e8) 
thrown [t:\workspace\open\src\hotspot\share\runtime\reflection.cpp, line 1015]
Event: 7849.201 Thread 0x000002429f224ed0 Exception <a 'java/lang/IllegalArgumentException'{0x00000000c8150408}: object is not an instance of declaring class> (0x00000000c8150408) 
thrown [t:\workspace\open\src\hotspot\share\runtime\reflection.cpp, line 1015]
Event: 8652.562 Thread 0x000002429f224430 Exception <a 'java/lang/IllegalArgumentException'{0x00000000c7b27050}: object is not an instance of declaring class> (0x00000000c7b27050) 
thrown [t:\workspace\open\src\hotspot\share\runtime\reflection.cpp, line 1015]
Event: 10524.461 Thread 0x000002429f225420 Exception <a 'java/lang/IllegalArgumentException'{0x00000000c7913e50}: object is not an instance of declaring class> (0x00000000c7913e50) 
thrown [t:\workspace\open\src\hotspot\share\runtime\reflection.cpp, line 1015]
Event: 11355.532 Thread 0x000002429f224430 Exception <a 'java/lang/IllegalArgumentException'{0x00000000c7328ca0}: object is not an instance of declaring class> (0x00000000c7328ca0) 
thrown [t:\workspace\open\src\hotspot\share\runtime\reflection.cpp, line 1015]

Events (20 events):
Event: 11385.575 Thread 0x0000024299950030 Thread exited: 0x0000024299950030
Event: 11386.392 Thread 0x0000024299952010 Thread exited: 0x0000024299952010
Event: 11388.229 Thread 0x0000024299952010 Thread added: 0x0000024299952010
Event: 11388.229 Thread 0x0000024299950580 Thread added: 0x0000024299950580
Event: 11388.899 Executing  VM operation: Cleanup
Event: 11389.024 Executing  VM operation: Cleanup done
Event: 11401.042 Thread 0x0000024299952010 Thread exited: 0x0000024299952010
Event: 11401.149 Thread 0x0000024299950580 Thread exited: 0x0000024299950580
Event: 11407.095 Thread 0x0000024299952010 Thread added: 0x0000024299952010
Event: 11407.095 Thread 0x0000024299950580 Thread added: 0x0000024299950580
Event: 11407.098 Executing  VM operation: G1CollectForAllocation
Event: 11407.162 Executing  VM operation: G1CollectForAllocation done
Event: 11412.197 Executing  VM operation: Cleanup
Event: 11412.197 Executing  VM operation: Cleanup done
Event: 11416.292 Thread 0x0000024299952010 Thread exited: 0x0000024299952010
Event: 11416.415 Thread 0x0000024299950580 Thread exited: 0x0000024299950580
Event: 11424.742 Thread 0x0000024299952010 Thread added: 0x0000024299952010
Event: 11424.742 Thread 0x000002429994eaf0 Thread added: 0x000002429994eaf0
Event: 11425.302 Executing  VM operation: Cleanup
Event: 11425.303 Executing  VM operation: Cleanup done


Dynamic libraries:
0x00007ff651770000 - 0x00007ff65177e000 	C:\Users\agarw\.p2\pool\plugins\org.eclipse.justj.openjdk.hotspot.jre.full.win32.x86_64_16.0.2.v20210721-1149\jre\bin\javaw.exe
0x00007ffc496f0000 - 0x00007ffc498e5000 	C:\WINDOWS\SYSTEM32\ntdll.dll
0x00007ffc48570000 - 0x00007ffc4862e000 	C:\WINDOWS\System32\KERNEL32.DLL
0x00007ffc47080000 - 0x00007ffc47348000 	C:\WINDOWS\System32\KERNELBASE.dll
0x00007ffc47560000 - 0x00007ffc47660000 	C:\WINDOWS\System32\ucrtbase.dll
0x00007ffc3e1f0000 - 0x00007ffc3e208000 	C:\Users\agarw\.p2\pool\plugins\org.eclipse.justj.openjdk.hotspot.jre.full.win32.x86_64_16.0.2.v20210721-1149\jre\bin\jli.dll
0x00007ffc2d4e0000 - 0x00007ffc2d4f9000 	C:\Users\agarw\.p2\pool\plugins\org.eclipse.justj.openjdk.hotspot.jre.full.win32.x86_64_16.0.2.v20210721-1149\jre\bin\VCRUNTIME140.dll
0x00007ffc48ef0000 - 0x00007ffc49091000 	C:\WINDOWS\System32\USER32.dll
0x00007ffc47710000 - 0x00007ffc47732000 	C:\WINDOWS\System32\win32u.dll
0x00007ffc49680000 - 0x00007ffc496ab000 	C:\WINDOWS\System32\GDI32.dll
0x00007ffc2a9e0000 - 0x00007ffc2ac7a000 	C:\WINDOWS\WinSxS\amd64_microsoft.windows.common-controls_6595b64144ccf1df_6.0.19041.1110_none_60b5254171f9507e\COMCTL32.dll
0x00007ffc46e10000 - 0x00007ffc46f1b000 	C:\WINDOWS\System32\gdi32full.dll
0x00007ffc48bf0000 - 0x00007ffc48c8e000 	C:\WINDOWS\System32\msvcrt.dll
0x00007ffc47490000 - 0x00007ffc4752d000 	C:\WINDOWS\System32\msvcp_win.dll
0x00007ffc484e0000 - 0x00007ffc48510000 	C:\WINDOWS\System32\IMM32.DLL
0x00007ffc41450000 - 0x00007ffc4145c000 	C:\Users\agarw\.p2\pool\plugins\org.eclipse.justj.openjdk.hotspot.jre.full.win32.x86_64_16.0.2.v20210721-1149\jre\bin\vcruntime140_1.dll
0x00007ffc2d440000 - 0x00007ffc2d4d1000 	C:\Users\agarw\.p2\pool\plugins\org.eclipse.justj.openjdk.hotspot.jre.full.win32.x86_64_16.0.2.v20210721-1149\jre\bin\msvcp140.dll
0x00007ffbd04e0000 - 0x00007ffbd108b000 	C:\Users\agarw\.p2\pool\plugins\org.eclipse.justj.openjdk.hotspot.jre.full.win32.x86_64_16.0.2.v20210721-1149\jre\bin\server\jvm.dll
0x00007ffc48a70000 - 0x00007ffc48b1c000 	C:\WINDOWS\System32\ADVAPI32.dll
0x00007ffc48d20000 - 0x00007ffc48dbb000 	C:\WINDOWS\System32\sechost.dll
0x00007ffc483a0000 - 0x00007ffc484ca000 	C:\WINDOWS\System32\RPCRT4.dll
0x00007ffc477a0000 - 0x00007ffc477a8000 	C:\WINDOWS\System32\PSAPI.DLL
0x00007ffc3dbf0000 - 0x00007ffc3dbfa000 	C:\WINDOWS\SYSTEM32\VERSION.dll
0x00007ffc254b0000 - 0x00007ffc254d7000 	C:\WINDOWS\SYSTEM32\WINMM.dll
0x00007ffc3f550000 - 0x00007ffc3f559000 	C:\WINDOWS\SYSTEM32\WSOCK32.dll
0x00007ffc489a0000 - 0x00007ffc48a0b000 	C:\WINDOWS\System32\ws2_32.DLL
0x00007ffc45680000 - 0x00007ffc45692000 	C:\WINDOWS\SYSTEM32\kernel.appcore.dll
0x00007ffc2a2f0000 - 0x00007ffc2a2fa000 	C:\Users\agarw\.p2\pool\plugins\org.eclipse.justj.openjdk.hotspot.jre.full.win32.x86_64_16.0.2.v20210721-1149\jre\bin\jimage.dll
0x00007ffc3f7c0000 - 0x00007ffc3f9a4000 	C:\WINDOWS\SYSTEM32\DBGHELP.DLL
0x00007ffc27b90000 - 0x00007ffc27bbc000 	C:\WINDOWS\SYSTEM32\dbgcore.DLL
0x00007ffc47400000 - 0x00007ffc47483000 	C:\WINDOWS\System32\bcryptPrimitives.dll
0x00007ffc2a2c0000 - 0x00007ffc2a2e5000 	C:\Users\agarw\.p2\pool\plugins\org.eclipse.justj.openjdk.hotspot.jre.full.win32.x86_64_16.0.2.v20210721-1149\jre\bin\java.dll
0x00007ffc295b0000 - 0x00007ffc295c8000 	C:\Users\agarw\.p2\pool\plugins\org.eclipse.justj.openjdk.hotspot.jre.full.win32.x86_64_16.0.2.v20210721-1149\jre\bin\zip.dll
0x00007ffc47c60000 - 0x00007ffc4839f000 	C:\WINDOWS\System32\SHELL32.dll
0x00007ffc44e80000 - 0x00007ffc45610000 	C:\WINDOWS\SYSTEM32\windows.storage.dll
0x00007ffc49320000 - 0x00007ffc49675000 	C:\WINDOWS\System32\combase.dll
0x00007ffc46790000 - 0x00007ffc467be000 	C:\WINDOWS\SYSTEM32\Wldp.dll
0x00007ffc48630000 - 0x00007ffc486dd000 	C:\WINDOWS\System32\SHCORE.dll
0x00007ffc486e0000 - 0x00007ffc48735000 	C:\WINDOWS\System32\shlwapi.dll
0x00007ffc46d50000 - 0x00007ffc46d6f000 	C:\WINDOWS\SYSTEM32\profapi.dll
0x00007ffc29590000 - 0x00007ffc295a9000 	C:\Users\agarw\.p2\pool\plugins\org.eclipse.justj.openjdk.hotspot.jre.full.win32.x86_64_16.0.2.v20210721-1149\jre\bin\net.dll
0x00007ffc3b9c0000 - 0x00007ffc3bacc000 	C:\WINDOWS\SYSTEM32\WINHTTP.dll
0x00007ffc464a0000 - 0x00007ffc4650a000 	C:\WINDOWS\system32\mswsock.dll
0x00007ffc21c30000 - 0x00007ffc21c43000 	C:\Users\agarw\.p2\pool\plugins\org.eclipse.justj.openjdk.hotspot.jre.full.win32.x86_64_16.0.2.v20210721-1149\jre\bin\nio.dll
0x00007ffc29460000 - 0x00007ffc29470000 	C:\Users\agarw\.p2\pool\plugins\org.eclipse.justj.openjdk.hotspot.jre.full.win32.x86_64_16.0.2.v20210721-1149\jre\bin\verify.dll
0x00007ffc3f4f0000 - 0x00007ffc3f4f9000 	C:\Users\agarw\.p2\pool\plugins\org.eclipse.justj.openjdk.hotspot.jre.full.win32.x86_64_16.0.2.v20210721-1149\jre\bin\management.dll
0x00007ffc3f4e0000 - 0x00007ffc3f4eb000 	C:\Users\agarw\.p2\pool\plugins\org.eclipse.justj.openjdk.hotspot.jre.full.win32.x86_64_16.0.2.v20210721-1149\jre\bin\management_ext.dll
0x00007ffc238c0000 - 0x00007ffc238d7000 	C:\WINDOWS\system32\napinsp.dll
0x00007ffc238a0000 - 0x00007ffc238bb000 	C:\WINDOWS\system32\pnrpnsp.dll
0x00007ffc3e920000 - 0x00007ffc3e935000 	C:\WINDOWS\system32\wshbth.dll
0x00007ffc3f340000 - 0x00007ffc3f35d000 	C:\WINDOWS\system32\NLAapi.dll
0x00007ffc461b0000 - 0x00007ffc461eb000 	C:\WINDOWS\SYSTEM32\IPHLPAPI.DLL
0x00007ffc461f0000 - 0x00007ffc462bb000 	C:\WINDOWS\SYSTEM32\DNSAPI.dll
0x00007ffc47c30000 - 0x00007ffc47c38000 	C:\WINDOWS\System32\NSI.dll
0x00007ffc23880000 - 0x00007ffc23892000 	C:\WINDOWS\System32\winrnr.dll
0x00007ffc3c480000 - 0x00007ffc3c48a000 	C:\Windows\System32\rasadhlp.dll
0x00007ffc30ee0000 - 0x00007ffc30f5f000 	C:\WINDOWS\System32\fwpuclnt.dll
0x00007ffc47530000 - 0x00007ffc47557000 	C:\WINDOWS\System32\bcrypt.dll
0x00007ffc46680000 - 0x00007ffc46698000 	C:\WINDOWS\SYSTEM32\CRYPTSP.dll
0x00007ffc45e30000 - 0x00007ffc45e64000 	C:\WINDOWS\system32\rsaenh.dll
0x00007ffc46cd0000 - 0x00007ffc46cfe000 	C:\WINDOWS\SYSTEM32\USERENV.dll
0x00007ffc466a0000 - 0x00007ffc466ac000 	C:\WINDOWS\SYSTEM32\CRYPTBASE.dll
0x00007ffc38430000 - 0x00007ffc38447000 	C:\WINDOWS\SYSTEM32\dhcpcsvc6.DLL
0x00007ffc390c0000 - 0x00007ffc390dd000 	C:\WINDOWS\SYSTEM32\dhcpcsvc.DLL
0x00007ffc29400000 - 0x00007ffc2940e000 	C:\Users\agarw\.p2\pool\plugins\org.eclipse.justj.openjdk.hotspot.jre.full.win32.x86_64_16.0.2.v20210721-1149\jre\bin\sunmscapi.dll
0x00007ffc46f20000 - 0x00007ffc47076000 	C:\WINDOWS\System32\CRYPT32.dll
0x00007ffc46800000 - 0x00007ffc46827000 	C:\WINDOWS\SYSTEM32\ncrypt.dll
0x00007ffc467c0000 - 0x00007ffc467fb000 	C:\WINDOWS\SYSTEM32\NTASN1.dll
0x00007ffc3f560000 - 0x00007ffc3f567000 	C:\WINDOWS\system32\wshunix.dll

dbghelp: loaded successfully - version: 4.0.5 - missing functions: none
symbol engine: initialized successfully - sym options: 0x614 - pdb path: .;C:\Users\agarw\.p2\pool\plugins\org.eclipse.justj.openjdk.hotspot.jre.full.win32.x86_64_16.0.2.v20210721-1149\jre\bin;C:\WINDOWS\SYSTEM32;C:\WINDOWS\WinSxS\amd64_microsoft.windows.common-controls_6595b64144ccf1df_6.0.19041.1110_none_60b5254171f9507e;C:\Users\agarw\.p2\pool\plugins\org.eclipse.justj.openjdk.hotspot.jre.full.win32.x86_64_16.0.2.v20210721-1149\jre\bin\server

VM Arguments:
jvm_args: -Dfile.encoding=UTF-8 -XX:+ShowCodeDetailsInExceptionMessages 
java_command: com.exam.ExamDoorWayApplication
java_class_path (initial): D:\eclipse-workspace\ExamWebApp\ExamDoorWay\target\classes;C:\Users\agarw\.m2\repository\org\springframework\boot\spring-boot-starter-data-jpa\2.5.4\spring-boot-starter-data-jpa-2.5.4.jar;C:\Users\agarw\.m2\repository\org\springframework\boot\spring-boot-starter-aop\2.5.4\spring-boot-starter-aop-2.5.4.jar;C:\Users\agarw\.m2\repository\org\aspectj\aspectjweaver\1.9.7\aspectjweaver-1.9.7.jar;C:\Users\agarw\.m2\repository\org\springframework\boot\spring-boot-starter-jdbc\2.5.4\spring-boot-starter-jdbc-2.5.4.jar;C:\Users\agarw\.m2\repository\com\zaxxer\HikariCP\4.0.3\HikariCP-4.0.3.jar;C:\Users\agarw\.m2\repository\org\springframework\spring-jdbc\5.3.9\spring-jdbc-5.3.9.jar;C:\Users\agarw\.m2\repository\jakarta\transaction\jakarta.transaction-api\1.3.3\jakarta.transaction-api-1.3.3.jar;C:\Users\agarw\.m2\repository\jakarta\persistence\jakarta.persistence-api\2.2.3\jakarta.persistence-api-2.2.3.jar;C:\Users\agarw\.m2\repository\org\hibernate\hibernate-core\5.4.32.Final\hibernate-core-5.4.32.Final.jar;C:\Users\agarw\.m2\repository\org\jboss\logging\jboss-logging\3.4.2.Final\jboss-logging-3.4.2.Final.jar;C:\Users\agarw\.m2\repository\org\javassist\javassist\3.27.0-GA\javassist-3.27.0-GA.jar;C:\Users\agarw\.m2\repository\net\bytebuddy\byte-buddy\1.10.22\byte-buddy-1.10.22.jar;C:\Users\agarw\.m2\repository\antlr\antlr\2.7.7\antlr-2.7.7.jar;C:\Users\agarw\.m2\repository\org\jboss\jandex\2.2.3.Final\jandex-2.2.3.Final.jar;C:\Users\agarw\.m2\repository\com\fasterxml\classmate\1.5.1\classmate-1.5.1.jar;C:\Users\agarw\.m2\repository\org\dom4j\dom4j\2.1.3\dom4j-2.1.3.jar;C:\Users\agarw\.m2\repository\org\hibernate\common\hibernate-commons-annotations\5.1.2.Final\hibernate-commons-annotations-5.1.2.Final.jar;C:\Users\agarw\.m2\repository\org\glassfish\jaxb\jaxb-runtime\2.3.5\jaxb-runtime-2.3.5.jar;C:\Users\agarw\.m2\repository\org\glassfish\jaxb\txw2\2.3.5\txw2-2.3.5.jar;C:\Users\agarw\.m2\repository\com\sun\istack\istack-commons-runtime\3.0.12\istack-c
Launcher Type: SUN_STANDARD

[Global flags]
     intx CICompilerCount                          = 4                                         {product} {ergonomic}
     uint ConcGCThreads                            = 2                                         {product} {ergonomic}
     uint G1ConcRefinementThreads                  = 8                                         {product} {ergonomic}
   size_t G1HeapRegionSize                         = 1048576                                   {product} {ergonomic}
    uintx GCDrainStackTargetSize                   = 64                                        {product} {ergonomic}
   size_t InitialHeapSize                          = 65011712                                  {product} {ergonomic}
   size_t MarkStackSize                            = 4194304                                   {product} {ergonomic}
   size_t MaxHeapSize                              = 1017118720                                {product} {ergonomic}
   size_t MaxNewSize                               = 610271232                                 {product} {ergonomic}
   size_t MinHeapDeltaBytes                        = 1048576                                   {product} {ergonomic}
   size_t MinHeapSize                              = 8388608                                   {product} {ergonomic}
    uintx NonNMethodCodeHeapSize                   = 5839372                                {pd product} {ergonomic}
    uintx NonProfiledCodeHeapSize                  = 122909434                              {pd product} {ergonomic}
    uintx ProfiledCodeHeapSize                     = 122909434                              {pd product} {ergonomic}
    uintx ReservedCodeCacheSize                    = 251658240                              {pd product} {ergonomic}
     bool SegmentedCodeCache                       = true                                      {product} {ergonomic}
     bool ShowCodeDetailsInExceptionMessages       = true                                   {manageable} {command line}
   size_t SoftMaxHeapSize                          = 1017118720                             {manageable} {ergonomic}
     bool UseCompressedClassPointers               = true                           {product lp64_product} {ergonomic}
     bool UseCompressedOops                        = true                           {product lp64_product} {ergonomic}
     bool UseG1GC                                  = true                                      {product} {ergonomic}
     bool UseLargePagesIndividualAllocation        = false                                  {pd product} {ergonomic}

Logging:
Log output configuration:
 #0: stdout all=warning uptime,level,tags
 #1: stderr all=off uptime,level,tags

Environment Variables:
JAVA_HOME=D:\Program Files\Java\jdk-16.0.2
PATH=C:/Users/agarw/.p2/pool/plugins/org.eclipse.justj.openjdk.hotspot.jre.full.win32.x86_64_16.0.2.v20210721-1149/jre/bin/server;C:/Users/agarw/.p2/pool/plugins/org.eclipse.justj.openjdk.hotspot.jre.full.win32.x86_64_16.0.2.v20210721-1149/jre/bin;C:\Program Files\Common Files\Oracle\Java\javapath;C:\Program Files (x86)\Common Files\Oracle\Java\javapath;C:\WINDOWS\system32;C:\WINDOWS;C:\WINDOWS\System32\Wbem;C:\WINDOWS\System32\WindowsPowerShell\v1.0\;C:\WINDOWS\System32\OpenSSH\;D:\xampp\php;C:\composer;C:\Program Files\Docker\Docker\resources\bin;C:\ProgramData\DockerDesktop\version-bin;D:\Program Files\Java\jdk-16.0.2\bin;D:\Program Files\nodejs\;D:\Program Files\Git\cmd;C:\Program Files\MySQL\MySQL Shell 8.0\bin\;C:\Users\agarw\AppData\Local\Microsoft\WindowsApps;D:\Program Files\JetBrains\PyCharm 2020.1.4\bin;C:\Users\agarw\AppData\Local\atom\bin;C:\Users\agarw\AppData\Roaming\Composer\vendor\bin;D:\Program Files\Microsoft VS Code\bin;C:\Users\agarw\AppData\Roaming\npm;D:\Program Files\Git;;C:\Users\agarw\OneDrive\Desktop;
USERNAME=agarw
OS=Windows_NT
PROCESSOR_IDENTIFIER=Intel64 Family 6 Model 126 Stepping 5, GenuineIntel



---------------  S Y S T E M  ---------------

OS:
 Windows 10 , 64 bit Build 19041 (10.0.19041.1348)
OS uptime: 4 days 3:42 hours
Hyper-V role detected

CPU: total 8 (initial active 8) (4 cores per cpu, 2 threads per core) family 6 model 126 stepping 5 microcode 0xa0, cx8, cmov, fxsr, ht, mmx, 3dnowpref, sse, sse2, sse3, ssse3, sse4.1, sse4.2, popcnt, lzcnt, tsc, tscinvbit, avx, avx2, aes, erms, clmul, bmi1, bmi2, adx, avx512f, avx512dq, avx512cd, avx512bw, avx512vl, sha, fma, vzeroupper, avx512_vpopcntdq, avx512_vpclmulqdq, avx512_vaes, avx512_vnni, clflush, clflushopt, avx512_vmbi2, avx512_vmbi, hv

Memory: 4k page, system-wide physical 3877M (243M free)
TotalPageFile size 15653M (AvailPageFile size 6M)
current process WorkingSet (physical memory assigned to process): 60M, peak: 270M
current process commit charge ("private bytes"): 341M, peak: 481M

vm_info: OpenJDK 64-Bit Server VM (16.0.2+7-67) for windows-amd64 JRE (16.0.2+7-67), built on Jun  8 2021 23:21:43 by "mach5one" with MS VC++ 16.7 (VS2019)

END.
